Command line:
   MC_MC_sch_tb_isim_par.exe
     -simmode  gui
     -sdfmax  /UUT/=netgen/par/MC_timesim.sdf
     -sdfroot  /UUT
     -simrunnum  0
     -socket  49908

Fri Oct 31 17:16:40 2014


 Elaboration Time: 0.265625 sec

 Current Memory Usage: 1024.16 Meg

 Total Signals          : 1804
 Total Nets             : 1185
 Total Signal Drivers   : 1075
 Total Blocks           : 557
 Total Primitive Blocks : 296
 Total Processes        : 1071
 Total Traceable Variables  : 2807
 Total Scalar Nets and Variables : 12469
Total Line Count : 4593

 Total Simulation Time: 0.3125 sec

 Current Memory Usage: 1024.16 Meg

Fri Oct 31 17:16:49 2014

