Release 14.7 - xst P.20131013 (nt64)
Copyright (c) 1995-2013 Xilinx, Inc.  All rights reserved.
--> Parameter TMPDIR set to xst/projnav.tmp


Total REAL time to Xst completion: 0.00 secs
Total CPU time to Xst completion: 0.08 secs
 
--> Parameter xsthdpdir set to xst


Total REAL time to Xst completion: 0.00 secs
Total CPU time to Xst completion: 0.08 secs
 
--> Reading design: ALU_T.prj

TABLE OF CONTENTS
  1) Synthesis Options Summary
  2) HDL Compilation
  3) Design Hierarchy Analysis
  4) HDL Analysis
  5) HDL Synthesis
     5.1) HDL Synthesis Report
  6) Advanced HDL Synthesis
     6.1) Advanced HDL Synthesis Report
  7) Low Level Synthesis
  8) Partition Report
  9) Final Report
	9.1) Device utilization summary
	9.2) Partition Resource Summary
	9.3) TIMING REPORT


=========================================================================
*                      Synthesis Options Summary                        *
=========================================================================
---- Source Parameters
Input File Name                    : "ALU_T.prj"
Input Format                       : mixed
Ignore Synthesis Constraint File   : NO

---- Target Parameters
Output File Name                   : "ALU_T"
Output Format                      : NGC
Target Device                      : xc3s500e-5-fg320

---- Source Options
Top Module Name                    : ALU_T
Automatic FSM Extraction           : YES
FSM Encoding Algorithm             : Auto
Safe Implementation                : No
FSM Style                          : LUT
RAM Extraction                     : Yes
RAM Style                          : Auto
ROM Extraction                     : Yes
Mux Style                          : Auto
Decoder Extraction                 : YES
Priority Encoder Extraction        : Yes
Shift Register Extraction          : YES
Logical Shifter Extraction         : YES
XOR Collapsing                     : YES
ROM Style                          : Auto
Mux Extraction                     : Yes
Resource Sharing                   : YES
Asynchronous To Synchronous        : NO
Multiplier Style                   : Auto
Automatic Register Balancing       : No

---- Target Options
Add IO Buffers                     : YES
Global Maximum Fanout              : 500
Add Generic Clock Buffer(BUFG)     : 24
Register Duplication               : YES
Slice Packing                      : YES
Optimize Instantiated Primitives   : NO
Use Clock Enable                   : Yes
Use Synchronous Set                : Yes
Use Synchronous Reset              : Yes
Pack IO Registers into IOBs        : Auto
Equivalent register Removal        : YES

---- General Options
Optimization Goal                  : Speed
Optimization Effort                : 1
Keep Hierarchy                     : No
Netlist Hierarchy                  : As_Optimized
RTL Output                         : Yes
Global Optimization                : AllClockNets
Read Cores                         : YES
Write Timing Constraints           : NO
Cross Clock Analysis               : NO
Hierarchy Separator                : /
Bus Delimiter                      : <>
Case Specifier                     : Maintain
Slice Utilization Ratio            : 100
BRAM Utilization Ratio             : 100
Verilog 2001                       : YES
Auto BRAM Packing                  : NO
Slice Utilization Ratio Delta      : 5

=========================================================================


=========================================================================
*                          HDL Compilation                              *
=========================================================================
Compiling vhdl file "D:/ASSGN3_Final/SCHEMATIC2_ITER/ALU.vhd" in Library work.
Architecture behavioral of Entity alu is up to date.
Compiling vhdl file "D:/ASSGN3_Final/SCHEMATIC2_ITER/MUX4to1.vhd" in Library work.
Architecture behavioral of Entity mux4to1 is up to date.
Compiling vhdl file "D:/ASSGN3_Final/SCHEMATIC2_ITER/Adder.vhd" in Library work.
Architecture behavioral of Entity adder is up to date.
Compiling vhdl file "D:/ASSGN3_Final/SCHEMATIC2_ITER/ALU_T.vhf" in Library work.
Entity <ALU_T> compiled.
Entity <ALU_T> (Architecture <BEHAVIORAL>) compiled.

=========================================================================
*                     Design Hierarchy Analysis                         *
=========================================================================
Analyzing hierarchy for entity <ALU_T> in library <work> (architecture <BEHAVIORAL>).

Analyzing hierarchy for entity <ALU> in library <work> (architecture <behavioral>).

Analyzing hierarchy for entity <MUX4to1> in library <work> (architecture <behavioral>).

Analyzing hierarchy for entity <Adder> in library <work> (architecture <behavioral>).


=========================================================================
*                            HDL Analysis                               *
=========================================================================
Analyzing Entity <ALU_T> in library <work> (Architecture <BEHAVIORAL>).
Entity <ALU_T> analyzed. Unit <ALU_T> generated.

Analyzing Entity <ALU> in library <work> (Architecture <behavioral>).
Entity <ALU> analyzed. Unit <ALU> generated.

Analyzing Entity <MUX4to1> in library <work> (Architecture <behavioral>).
Entity <MUX4to1> analyzed. Unit <MUX4to1> generated.

Analyzing Entity <Adder> in library <work> (Architecture <behavioral>).
Entity <Adder> analyzed. Unit <Adder> generated.


=========================================================================
*                           HDL Synthesis                               *
=========================================================================

Performing bidirectional port resolution...

Synthesizing Unit <ALU>.
    Related source file is "D:/ASSGN3_Final/SCHEMATIC2_ITER/ALU.vhd".
Unit <ALU> synthesized.


Synthesizing Unit <MUX4to1>.
    Related source file is "D:/ASSGN3_Final/SCHEMATIC2_ITER/MUX4to1.vhd".
    Found 8-bit 4-to-1 multiplexer for signal <MUX_OUT>.
    Summary:
	inferred   8 Multiplexer(s).
Unit <MUX4to1> synthesized.


Synthesizing Unit <Adder>.
    Related source file is "D:/ASSGN3_Final/SCHEMATIC2_ITER/Adder.vhd".
    Found 1-bit xor3 for signal <$xor0000> created at line 55.
    Found 1-bit xor3 for signal <$xor0001> created at line 55.
    Found 1-bit xor3 for signal <$xor0002> created at line 55.
    Found 1-bit xor3 for signal <$xor0003> created at line 55.
    Found 1-bit xor3 for signal <$xor0004> created at line 55.
    Found 1-bit xor3 for signal <$xor0005> created at line 55.
    Found 1-bit xor3 for signal <vsum_2$xor0000> created at line 55.
    Found 1-bit xor3 for signal <vsum_5$xor0000> created at line 55.
    Summary:
	inferred   8 Xor(s).
Unit <Adder> synthesized.


Synthesizing Unit <ALU_T>.
    Related source file is "D:/ASSGN3_Final/SCHEMATIC2_ITER/ALU_T.vhf".
Unit <ALU_T> synthesized.


=========================================================================
HDL Synthesis Report

Macro Statistics
# Multiplexers                                         : 1
 8-bit 4-to-1 multiplexer                              : 1
# Xors                                                 : 8
 1-bit xor3                                            : 8

=========================================================================

=========================================================================
*                       Advanced HDL Synthesis                          *
=========================================================================


=========================================================================
Advanced HDL Synthesis Report

Macro Statistics
# Multiplexers                                         : 1
 8-bit 4-to-1 multiplexer                              : 1
# Xors                                                 : 8
 1-bit xor3                                            : 8

=========================================================================

=========================================================================
*                         Low Level Synthesis                           *
=========================================================================

Optimizing unit <ALU_T> ...

Optimizing unit <Adder> ...

Mapping all equations...
Building and optimizing final netlist ...
Found area constraint ratio of 100 (+ 5) on block ALU_T, actual ratio is 0.

Final Macro Processing ...

=========================================================================
Final Register Report

Found no macro
=========================================================================

=========================================================================
*                           Partition Report                            *
=========================================================================

Partition Implementation Status
-------------------------------

  No Partitions were found in this design.

-------------------------------

=========================================================================
*                            Final Report                               *
=========================================================================
Final Results
RTL Top Level Output File Name     : ALU_T.ngr
Top Level Output File Name         : ALU_T
Output Format                      : NGC
Optimization Goal                  : Speed
Keep Hierarchy                     : No

Design Statistics
# IOs                              : 28

Cell Usage :
# BELS                             : 32
#      LUT3                        : 16
#      LUT4                        : 8
#      MUXF5                       : 8
# IO Buffers                       : 28
#      IBUF                        : 19
#      OBUF                        : 9
=========================================================================

Device utilization summary:
---------------------------

Selected Device : 3s500efg320-5 

 Number of Slices:                       13  out of   4656     0%  
 Number of 4 input LUTs:                 24  out of   9312     0%  
 Number of IOs:                          28
 Number of bonded IOBs:                  28  out of    232    12%  

---------------------------
Partition Resource Summary:
---------------------------

  No Partitions were found in this design.

---------------------------


=========================================================================
TIMING REPORT

NOTE: THESE TIMING NUMBERS ARE ONLY A SYNTHESIS ESTIMATE.
      FOR ACCURATE TIMING INFORMATION PLEASE REFER TO THE TRACE REPORT
      GENERATED AFTER PLACE-and-ROUTE.

Clock Information:
------------------
No clock signals found in this design

Asynchronous Control Signals Information:
----------------------------------------
No asynchronous control signals found in this design

Timing Summary:
---------------
Speed Grade: -5

   Minimum period: No path found
   Minimum input arrival time before clock: No path found
   Maximum output required time after clock: No path found
   Maximum combinational path delay: 13.513ns

Timing Detail:
--------------
All values displayed in nanoseconds (ns)

=========================================================================
Timing constraint: Default path analysis
  Total number of paths / destination ports: 137 / 9
-------------------------------------------------------------------------
Delay:               13.513ns (Levels of Logic = 11)
  Source:            Input1<0> (PAD)
  Destination:       OutPut<7> (PAD)

  Data Path: Input1<0> to OutPut<7>
                                Gate     Net
    Cell:in->out      fanout   Delay   Delay  Logical Name (Net Name)
    ----------------------------------------  ------------
     IBUF:I->O             3   1.106   0.603  Input1_0_IBUF (Input1_0_IBUF)
     LUT3:I0->O            2   0.612   0.449  XLXI_3/vsum_2_or00011 (XLXI_3/vsum_2_or0001)
     LUT3:I1->O            2   0.612   0.449  XLXI_3/vsum_2_or00031 (XLXI_3/vsum_2_or0003)
     LUT3:I1->O            2   0.612   0.449  XLXI_3/carry_or00001 (XLXI_3/carry_or0000)
     LUT3:I1->O            2   0.612   0.449  XLXI_3/vsum_5_or00011 (XLXI_3/vsum_5_or0001)
     LUT3:I1->O            2   0.612   0.449  XLXI_3/vsum_5_or00031 (XLXI_3/vsum_5_or0003)
     LUT3:I1->O            2   0.612   0.449  XLXI_3/carry_or00011 (XLXI_3/carry_or0001)
     LUT3:I1->O            2   0.612   0.410  XLXI_3/Adder_carryout_or00011 (XLXI_3/Adder_carryout_or0001)
     LUT4:I2->O            1   0.612   0.000  XLXI_2/Mmux_MUX_OUT_47 (XLXI_2/Mmux_MUX_OUT_47)
     MUXF5:I0->O           1   0.278   0.357  XLXI_2/Mmux_MUX_OUT_2_f5_6 (OutPut_7_OBUF)
     OBUF:I->O                 3.169          OutPut_7_OBUF (OutPut<7>)
    ----------------------------------------
    Total                     13.513ns (9.449ns logic, 4.064ns route)
                                       (69.9% logic, 30.1% route)

=========================================================================


Total REAL time to Xst completion: 5.00 secs
Total CPU time to Xst completion: 5.17 secs
 
--> 

Total memory usage is 252480 kilobytes

Number of errors   :    0 (   0 filtered)
Number of warnings :    0 (   0 filtered)
Number of infos    :    0 (   0 filtered)

