Release 14.7 - xst P.20131013 (nt64)
Copyright (c) 1995-2013 Xilinx, Inc.  All rights reserved.
--> Parameter TMPDIR set to xst/projnav.tmp


Total REAL time to Xst completion: 0.00 secs
Total CPU time to Xst completion: 0.09 secs
 
--> Parameter xsthdpdir set to xst


Total REAL time to Xst completion: 0.00 secs
Total CPU time to Xst completion: 0.09 secs
 
--> Reading design: InputPort2X8bit.prj

TABLE OF CONTENTS
  1) Synthesis Options Summary
  2) HDL Compilation
  3) Design Hierarchy Analysis
  4) HDL Analysis
  5) HDL Synthesis
     5.1) HDL Synthesis Report
  6) Advanced HDL Synthesis
     6.1) Advanced HDL Synthesis Report
  7) Low Level Synthesis
  8) Partition Report
  9) Final Report
	9.1) Device utilization summary
	9.2) Partition Resource Summary
	9.3) TIMING REPORT


=========================================================================
*                      Synthesis Options Summary                        *
=========================================================================
---- Source Parameters
Input File Name                    : "InputPort2X8bit.prj"
Input Format                       : mixed
Ignore Synthesis Constraint File   : NO

---- Target Parameters
Output File Name                   : "InputPort2X8bit"
Output Format                      : NGC
Target Device                      : xc3s500e-5-fg320

---- Source Options
Top Module Name                    : InputPort2X8bit
Automatic FSM Extraction           : YES
FSM Encoding Algorithm             : Auto
Safe Implementation                : No
FSM Style                          : LUT
RAM Extraction                     : Yes
RAM Style                          : Auto
ROM Extraction                     : Yes
Mux Style                          : Auto
Decoder Extraction                 : YES
Priority Encoder Extraction        : Yes
Shift Register Extraction          : YES
Logical Shifter Extraction         : YES
XOR Collapsing                     : YES
ROM Style                          : Auto
Mux Extraction                     : Yes
Resource Sharing                   : YES
Asynchronous To Synchronous        : NO
Multiplier Style                   : Auto
Automatic Register Balancing       : No

---- Target Options
Add IO Buffers                     : YES
Global Maximum Fanout              : 500
Add Generic Clock Buffer(BUFG)     : 24
Register Duplication               : YES
Slice Packing                      : YES
Optimize Instantiated Primitives   : NO
Use Clock Enable                   : Yes
Use Synchronous Set                : Yes
Use Synchronous Reset              : Yes
Pack IO Registers into IOBs        : Auto
Equivalent register Removal        : YES

---- General Options
Optimization Goal                  : Speed
Optimization Effort                : 1
Keep Hierarchy                     : No
Netlist Hierarchy                  : As_Optimized
RTL Output                         : Yes
Global Optimization                : AllClockNets
Read Cores                         : YES
Write Timing Constraints           : NO
Cross Clock Analysis               : NO
Hierarchy Separator                : /
Bus Delimiter                      : <>
Case Specifier                     : Maintain
Slice Utilization Ratio            : 100
BRAM Utilization Ratio             : 100
Verilog 2001                       : YES
Auto BRAM Packing                  : NO
Slice Utilization Ratio Delta      : 5

=========================================================================


=========================================================================
*                          HDL Compilation                              *
=========================================================================
Compiling vhdl file "D:/ASSGN3_Final/SCHEMATIC2_ITER/InPort2X8bit.vhd" in Library work.
Entity <InputPort2X8bit> compiled.
Entity <InputPort2X8bit> (Architecture <Behavioral>) compiled.

=========================================================================
*                     Design Hierarchy Analysis                         *
=========================================================================
Analyzing hierarchy for entity <InputPort2X8bit> in library <work> (architecture <Behavioral>).


=========================================================================
*                            HDL Analysis                               *
=========================================================================
Analyzing Entity <InputPort2X8bit> in library <work> (Architecture <Behavioral>).
Entity <InputPort2X8bit> analyzed. Unit <InputPort2X8bit> generated.


=========================================================================
*                           HDL Synthesis                               *
=========================================================================

Performing bidirectional port resolution...

Synthesizing Unit <InputPort2X8bit>.
    Related source file is "D:/ASSGN3_Final/SCHEMATIC2_ITER/InPort2X8bit.vhd".
WARNING:Xst:737 - Found 8-bit latch for signal <C_BUS_OUT>. Latches may be generated from incomplete case or if statements. We do not recommend the use of latches in FPGA/CPLD designs, as they may lead to timing problems.
INFO:Xst:2371 - HDL ADVISOR - Logic functions respectively driving the data and gate enable inputs of this latch share common terms. This situation will potentially lead to setup/hold violations and, as a result, to simulation problems. This situation may come from an incomplete case statement (all selector values are not covered). You should carefully review if it was in your intentions to describe such a latch.
    Found 8-bit register for signal <A_PORT_REG>.
    Found 8-bit register for signal <B_PORT_REG>.
    Found 8-bit 3-to-1 multiplexer for signal <C_BUS_OUT$mux0000>.
    Found 8-bit register for signal <SYNC_REG_A>.
    Found 8-bit register for signal <SYNC_REG_B>.
    Summary:
	inferred  32 D-type flip-flop(s).
	inferred   8 Multiplexer(s).
Unit <InputPort2X8bit> synthesized.


=========================================================================
HDL Synthesis Report

Macro Statistics
# Registers                                            : 4
 8-bit register                                        : 4
# Latches                                              : 1
 8-bit latch                                           : 1
# Multiplexers                                         : 1
 8-bit 3-to-1 multiplexer                              : 1

=========================================================================

=========================================================================
*                       Advanced HDL Synthesis                          *
=========================================================================


=========================================================================
Advanced HDL Synthesis Report

Macro Statistics
# Registers                                            : 32
 Flip-Flops                                            : 32
# Latches                                              : 1
 8-bit latch                                           : 1
# Multiplexers                                         : 1
 8-bit 3-to-1 multiplexer                              : 1

=========================================================================

=========================================================================
*                         Low Level Synthesis                           *
=========================================================================

Optimizing unit <InputPort2X8bit> ...

Mapping all equations...
Building and optimizing final netlist ...
Found area constraint ratio of 100 (+ 5) on block InputPort2X8bit, actual ratio is 0.

Final Macro Processing ...

=========================================================================
Final Register Report

Macro Statistics
# Registers                                            : 32
 Flip-Flops                                            : 32

=========================================================================

=========================================================================
*                           Partition Report                            *
=========================================================================

Partition Implementation Status
-------------------------------

  No Partitions were found in this design.

-------------------------------

=========================================================================
*                            Final Report                               *
=========================================================================
Final Results
RTL Top Level Output File Name     : InputPort2X8bit.ngr
Top Level Output File Name         : InputPort2X8bit
Output Format                      : NGC
Optimization Goal                  : Speed
Keep Hierarchy                     : No

Design Statistics
# IOs                              : 38

Cell Usage :
# BELS                             : 17
#      LUT2                        : 1
#      LUT3                        : 8
#      MUXF5                       : 8
# FlipFlops/Latches                : 40
#      FDC                         : 16
#      FDCE                        : 16
#      LD_1                        : 8
# Clock Buffers                    : 1
#      BUFGP                       : 1
# IO Buffers                       : 37
#      IBUF                        : 29
#      OBUF                        : 8
=========================================================================

Device utilization summary:
---------------------------

Selected Device : 3s500efg320-5 

 Number of Slices:                       26  out of   4656     0%  
 Number of Slice Flip Flops:             32  out of   9312     0%  
 Number of 4 input LUTs:                  9  out of   9312     0%  
 Number of IOs:                          38
 Number of bonded IOBs:                  38  out of    232    16%  
    IOB Flip Flops:                       8
 Number of GCLKs:                         1  out of     24     4%  

---------------------------
Partition Resource Summary:
---------------------------

  No Partitions were found in this design.

---------------------------


=========================================================================
TIMING REPORT

NOTE: THESE TIMING NUMBERS ARE ONLY A SYNTHESIS ESTIMATE.
      FOR ACCURATE TIMING INFORMATION PLEASE REFER TO THE TRACE REPORT
      GENERATED AFTER PLACE-and-ROUTE.

Clock Information:
------------------
---------------------------------------------+------------------------+-------+
Clock Signal                                 | Clock buffer(FF name)  | Load  |
---------------------------------------------+------------------------+-------+
CLK                                          | BUFGP                  | 32    |
C_BUS_OUT_cmp_eq0000(C_BUS_OUT_cmp_eq00001:O)| NONE(*)(C_BUS_OUT_0)   | 8     |
---------------------------------------------+------------------------+-------+
(*) This 1 clock signal(s) are generated by combinatorial logic,
and XST is not able to identify which are the primary clock signals.
Please use the CLOCK_SIGNAL constraint to specify the clock signal(s) generated by combinatorial logic.
INFO:Xst:2169 - HDL ADVISOR - Some clock signals were not automatically buffered by XST with BUFG/BUFR resources. Please use the buffer_type constraint in order to insert these buffers to the clock signals to help prevent skew problems.

Asynchronous Control Signals Information:
----------------------------------------
-----------------------------------+------------------------+-------+
Control Signal                     | Buffer(FF name)        | Load  |
-----------------------------------+------------------------+-------+
RESET                              | IBUF                   | 32    |
-----------------------------------+------------------------+-------+

Timing Summary:
---------------
Speed Grade: -5

   Minimum period: 1.139ns (Maximum Frequency: 877.963MHz)
   Minimum input arrival time before clock: 3.113ns
   Maximum output required time after clock: 4.114ns
   Maximum combinational path delay: No path found

Timing Detail:
--------------
All values displayed in nanoseconds (ns)

=========================================================================
Timing constraint: Default period analysis for Clock 'CLK'
  Clock period: 1.139ns (frequency: 877.963MHz)
  Total number of paths / destination ports: 16 / 16
-------------------------------------------------------------------------
Delay:               1.139ns (Levels of Logic = 0)
  Source:            SYNC_REG_B_0 (FF)
  Destination:       B_PORT_REG_0 (FF)
  Source Clock:      CLK rising
  Destination Clock: CLK rising

  Data Path: SYNC_REG_B_0 to B_PORT_REG_0
                                Gate     Net
    Cell:in->out      fanout   Delay   Delay  Logical Name (Net Name)
    ----------------------------------------  ------------
     FDCE:C->Q             1   0.514   0.357  SYNC_REG_B_0 (SYNC_REG_B_0)
     FDC:D                     0.268          B_PORT_REG_0
    ----------------------------------------
    Total                      1.139ns (0.782ns logic, 0.357ns route)
                                       (68.7% logic, 31.3% route)

=========================================================================
Timing constraint: Default OFFSET IN BEFORE for Clock 'CLK'
  Total number of paths / destination ports: 32 / 32
-------------------------------------------------------------------------
Offset:              2.232ns (Levels of Logic = 1)
  Source:            ENABLE_PORT_A (PAD)
  Destination:       SYNC_REG_A_0 (FF)
  Destination Clock: CLK rising

  Data Path: ENABLE_PORT_A to SYNC_REG_A_0
                                Gate     Net
    Cell:in->out      fanout   Delay   Delay  Logical Name (Net Name)
    ----------------------------------------  ------------
     IBUF:I->O             8   1.106   0.643  ENABLE_PORT_A_IBUF (ENABLE_PORT_A_IBUF)
     FDCE:CE                   0.483          SYNC_REG_A_0
    ----------------------------------------
    Total                      2.232ns (1.589ns logic, 0.643ns route)
                                       (71.2% logic, 28.8% route)

=========================================================================
Timing constraint: Default OFFSET IN BEFORE for Clock 'C_BUS_OUT_cmp_eq0000'
  Total number of paths / destination ports: 24 / 8
-------------------------------------------------------------------------
Offset:              3.113ns (Levels of Logic = 3)
  Source:            OUTPUT_SELECT<0> (PAD)
  Destination:       C_BUS_OUT_0 (LATCH)
  Destination Clock: C_BUS_OUT_cmp_eq0000 rising

  Data Path: OUTPUT_SELECT<0> to C_BUS_OUT_0
                                Gate     Net
    Cell:in->out      fanout   Delay   Delay  Logical Name (Net Name)
    ----------------------------------------  ------------
     IBUF:I->O             9   1.106   0.849  OUTPUT_SELECT_0_IBUF (OUTPUT_SELECT_0_IBUF)
     LUT3:I0->O            1   0.612   0.000  Mmux_C_BUS_OUT_mux000081 (Mmux_C_BUS_OUT_mux00008)
     MUXF5:I0->O           1   0.278   0.000  Mmux_C_BUS_OUT_mux00008_f5 (C_BUS_OUT_mux0000<3>)
     LD_1:D                    0.268          C_BUS_OUT_3
    ----------------------------------------
    Total                      3.113ns (2.264ns logic, 0.849ns route)
                                       (72.7% logic, 27.3% route)

=========================================================================
Timing constraint: Default OFFSET OUT AFTER for Clock 'C_BUS_OUT_cmp_eq0000'
  Total number of paths / destination ports: 8 / 8
-------------------------------------------------------------------------
Offset:              4.114ns (Levels of Logic = 1)
  Source:            C_BUS_OUT_7 (LATCH)
  Destination:       C_BUS_OUT<7> (PAD)
  Source Clock:      C_BUS_OUT_cmp_eq0000 rising

  Data Path: C_BUS_OUT_7 to C_BUS_OUT<7>
                                Gate     Net
    Cell:in->out      fanout   Delay   Delay  Logical Name (Net Name)
    ----------------------------------------  ------------
     LD_1:G->Q             1   0.588   0.357  C_BUS_OUT_7 (C_BUS_OUT_7)
     OBUF:I->O                 3.169          C_BUS_OUT_7_OBUF (C_BUS_OUT<7>)
    ----------------------------------------
    Total                      4.114ns (3.757ns logic, 0.357ns route)
                                       (91.3% logic, 8.7% route)

=========================================================================


Total REAL time to Xst completion: 5.00 secs
Total CPU time to Xst completion: 4.58 secs
 
--> 

Total memory usage is 251404 kilobytes

Number of errors   :    0 (   0 filtered)
Number of warnings :    1 (   0 filtered)
Number of infos    :    2 (   0 filtered)

