Release 14.7 - xst P.20131013 (nt64)
Copyright (c) 1995-2013 Xilinx, Inc.  All rights reserved.
--> Parameter TMPDIR set to xst/projnav.tmp


Total REAL time to Xst completion: 0.00 secs
Total CPU time to Xst completion: 0.08 secs
 
--> Parameter xsthdpdir set to xst


Total REAL time to Xst completion: 0.00 secs
Total CPU time to Xst completion: 0.08 secs
 
--> Reading design: MUX1to4.prj

TABLE OF CONTENTS
  1) Synthesis Options Summary
  2) HDL Compilation
  3) Design Hierarchy Analysis
  4) HDL Analysis
  5) HDL Synthesis
     5.1) HDL Synthesis Report
  6) Advanced HDL Synthesis
     6.1) Advanced HDL Synthesis Report
  7) Low Level Synthesis
  8) Partition Report
  9) Final Report
	9.1) Device utilization summary
	9.2) Partition Resource Summary
	9.3) TIMING REPORT


=========================================================================
*                      Synthesis Options Summary                        *
=========================================================================
---- Source Parameters
Input File Name                    : "MUX1to4.prj"
Input Format                       : mixed
Ignore Synthesis Constraint File   : NO

---- Target Parameters
Output File Name                   : "MUX1to4"
Output Format                      : NGC
Target Device                      : xc3s500e-5-fg320

---- Source Options
Top Module Name                    : MUX1to4
Automatic FSM Extraction           : YES
FSM Encoding Algorithm             : Auto
Safe Implementation                : No
FSM Style                          : LUT
RAM Extraction                     : Yes
RAM Style                          : Auto
ROM Extraction                     : Yes
Mux Style                          : Auto
Decoder Extraction                 : YES
Priority Encoder Extraction        : Yes
Shift Register Extraction          : YES
Logical Shifter Extraction         : YES
XOR Collapsing                     : YES
ROM Style                          : Auto
Mux Extraction                     : Yes
Resource Sharing                   : YES
Asynchronous To Synchronous        : NO
Multiplier Style                   : Auto
Automatic Register Balancing       : No

---- Target Options
Add IO Buffers                     : YES
Global Maximum Fanout              : 500
Add Generic Clock Buffer(BUFG)     : 24
Register Duplication               : YES
Slice Packing                      : YES
Optimize Instantiated Primitives   : NO
Use Clock Enable                   : Yes
Use Synchronous Set                : Yes
Use Synchronous Reset              : Yes
Pack IO Registers into IOBs        : Auto
Equivalent register Removal        : YES

---- General Options
Optimization Goal                  : Speed
Optimization Effort                : 1
Keep Hierarchy                     : No
Netlist Hierarchy                  : As_Optimized
RTL Output                         : Yes
Global Optimization                : AllClockNets
Read Cores                         : YES
Write Timing Constraints           : NO
Cross Clock Analysis               : NO
Hierarchy Separator                : /
Bus Delimiter                      : <>
Case Specifier                     : Maintain
Slice Utilization Ratio            : 100
BRAM Utilization Ratio             : 100
Verilog 2001                       : YES
Auto BRAM Packing                  : NO
Slice Utilization Ratio Delta      : 5

=========================================================================


=========================================================================
*                          HDL Compilation                              *
=========================================================================
Compiling vhdl file "D:/ASSGN3_Final/SCHEMATIC2_ITER/MUX1to4.vhd" in Library work.
Entity <mux1to4> compiled.
Entity <MUX1to4> (Architecture <Behavioral>) compiled.

=========================================================================
*                     Design Hierarchy Analysis                         *
=========================================================================
Analyzing hierarchy for entity <MUX1to4> in library <work> (architecture <Behavioral>).


=========================================================================
*                            HDL Analysis                               *
=========================================================================
Analyzing Entity <MUX1to4> in library <work> (Architecture <Behavioral>).
Entity <MUX1to4> analyzed. Unit <MUX1to4> generated.


=========================================================================
*                           HDL Synthesis                               *
=========================================================================

Performing bidirectional port resolution...

Synthesizing Unit <MUX1to4>.
    Related source file is "D:/ASSGN3_Final/SCHEMATIC2_ITER/MUX1to4.vhd".
WARNING:Xst:737 - Found 8-bit latch for signal <MUX_OUT1>. Latches may be generated from incomplete case or if statements. We do not recommend the use of latches in FPGA/CPLD designs, as they may lead to timing problems.
WARNING:Xst:737 - Found 8-bit latch for signal <MUX_OUT2>. Latches may be generated from incomplete case or if statements. We do not recommend the use of latches in FPGA/CPLD designs, as they may lead to timing problems.
WARNING:Xst:737 - Found 8-bit latch for signal <MUX_OUT3>. Latches may be generated from incomplete case or if statements. We do not recommend the use of latches in FPGA/CPLD designs, as they may lead to timing problems.
WARNING:Xst:737 - Found 8-bit latch for signal <MUX_OUT4>. Latches may be generated from incomplete case or if statements. We do not recommend the use of latches in FPGA/CPLD designs, as they may lead to timing problems.
Unit <MUX1to4> synthesized.


=========================================================================
HDL Synthesis Report

Macro Statistics
# Latches                                              : 4
 8-bit latch                                           : 4

=========================================================================

=========================================================================
*                       Advanced HDL Synthesis                          *
=========================================================================


=========================================================================
Advanced HDL Synthesis Report

Macro Statistics
# Latches                                              : 4
 8-bit latch                                           : 4

=========================================================================

=========================================================================
*                         Low Level Synthesis                           *
=========================================================================

Optimizing unit <MUX1to4> ...

Mapping all equations...
Building and optimizing final netlist ...
Found area constraint ratio of 100 (+ 5) on block MUX1to4, actual ratio is 0.

Final Macro Processing ...

=========================================================================
Final Register Report

Found no macro
=========================================================================

=========================================================================
*                           Partition Report                            *
=========================================================================

Partition Implementation Status
-------------------------------

  No Partitions were found in this design.

-------------------------------

=========================================================================
*                            Final Report                               *
=========================================================================
Final Results
RTL Top Level Output File Name     : MUX1to4.ngr
Top Level Output File Name         : MUX1to4
Output Format                      : NGC
Optimization Goal                  : Speed
Keep Hierarchy                     : No

Design Statistics
# IOs                              : 42

Cell Usage :
# BELS                             : 4
#      LUT2                        : 4
# FlipFlops/Latches                : 32
#      LD                          : 24
#      LD_1                        : 8
# IO Buffers                       : 42
#      IBUF                        : 10
#      OBUF                        : 32
=========================================================================

Device utilization summary:
---------------------------

Selected Device : 3s500efg320-5 

 Number of Slices:                        2  out of   4656     0%  
 Number of 4 input LUTs:                  4  out of   9312     0%  
 Number of IOs:                          42
 Number of bonded IOBs:                  42  out of    232    18%  
    IOB Flip Flops:                      32

---------------------------
Partition Resource Summary:
---------------------------

  No Partitions were found in this design.

---------------------------


=========================================================================
TIMING REPORT

NOTE: THESE TIMING NUMBERS ARE ONLY A SYNTHESIS ESTIMATE.
      FOR ACCURATE TIMING INFORMATION PLEASE REFER TO THE TRACE REPORT
      GENERATED AFTER PLACE-and-ROUTE.

Clock Information:
------------------
-------------------------------------------+------------------------+-------+
Clock Signal                               | Clock buffer(FF name)  | Load  |
-------------------------------------------+------------------------+-------+
MUX_OUT4_cmp_eq0000(MUX_OUT4_cmp_eq00001:O)| NONE(*)(MUX_OUT4_0)    | 8     |
MUX_OUT3_cmp_eq0000(MUX_OUT3_cmp_eq00001:O)| NONE(*)(MUX_OUT3_0)    | 8     |
MUX_OUT2_cmp_eq0000(MUX_OUT2_cmp_eq00001:O)| NONE(*)(MUX_OUT2_0)    | 8     |
MUX_OUT1_not0001(MUX_OUT1_not00011:O)      | NONE(*)(MUX_OUT1_0)    | 8     |
-------------------------------------------+------------------------+-------+
(*) These 4 clock signal(s) are generated by combinatorial logic,
and XST is not able to identify which are the primary clock signals.
Please use the CLOCK_SIGNAL constraint to specify the clock signal(s) generated by combinatorial logic.
INFO:Xst:2169 - HDL ADVISOR - Some clock signals were not automatically buffered by XST with BUFG/BUFR resources. Please use the buffer_type constraint in order to insert these buffers to the clock signals to help prevent skew problems.

Asynchronous Control Signals Information:
----------------------------------------
No asynchronous control signals found in this design

Timing Summary:
---------------
Speed Grade: -5

   Minimum period: No path found
   Minimum input arrival time before clock: 1.873ns
   Maximum output required time after clock: 4.114ns
   Maximum combinational path delay: No path found

Timing Detail:
--------------
All values displayed in nanoseconds (ns)

=========================================================================
Timing constraint: Default OFFSET IN BEFORE for Clock 'MUX_OUT4_cmp_eq0000'
  Total number of paths / destination ports: 8 / 8
-------------------------------------------------------------------------
Offset:              1.873ns (Levels of Logic = 1)
  Source:            MUX_In<0> (PAD)
  Destination:       MUX_OUT4_0 (LATCH)
  Destination Clock: MUX_OUT4_cmp_eq0000 falling

  Data Path: MUX_In<0> to MUX_OUT4_0
                                Gate     Net
    Cell:in->out      fanout   Delay   Delay  Logical Name (Net Name)
    ----------------------------------------  ------------
     IBUF:I->O             4   1.106   0.499  MUX_In_0_IBUF (MUX_In_0_IBUF)
     LD:D                      0.268          MUX_OUT4_0
    ----------------------------------------
    Total                      1.873ns (1.374ns logic, 0.499ns route)
                                       (73.4% logic, 26.6% route)

=========================================================================
Timing constraint: Default OFFSET IN BEFORE for Clock 'MUX_OUT3_cmp_eq0000'
  Total number of paths / destination ports: 8 / 8
-------------------------------------------------------------------------
Offset:              1.873ns (Levels of Logic = 1)
  Source:            MUX_In<0> (PAD)
  Destination:       MUX_OUT3_0 (LATCH)
  Destination Clock: MUX_OUT3_cmp_eq0000 falling

  Data Path: MUX_In<0> to MUX_OUT3_0
                                Gate     Net
    Cell:in->out      fanout   Delay   Delay  Logical Name (Net Name)
    ----------------------------------------  ------------
     IBUF:I->O             4   1.106   0.499  MUX_In_0_IBUF (MUX_In_0_IBUF)
     LD:D                      0.268          MUX_OUT3_0
    ----------------------------------------
    Total                      1.873ns (1.374ns logic, 0.499ns route)
                                       (73.4% logic, 26.6% route)

=========================================================================
Timing constraint: Default OFFSET IN BEFORE for Clock 'MUX_OUT2_cmp_eq0000'
  Total number of paths / destination ports: 8 / 8
-------------------------------------------------------------------------
Offset:              1.873ns (Levels of Logic = 1)
  Source:            MUX_In<0> (PAD)
  Destination:       MUX_OUT2_0 (LATCH)
  Destination Clock: MUX_OUT2_cmp_eq0000 falling

  Data Path: MUX_In<0> to MUX_OUT2_0
                                Gate     Net
    Cell:in->out      fanout   Delay   Delay  Logical Name (Net Name)
    ----------------------------------------  ------------
     IBUF:I->O             4   1.106   0.499  MUX_In_0_IBUF (MUX_In_0_IBUF)
     LD:D                      0.268          MUX_OUT2_0
    ----------------------------------------
    Total                      1.873ns (1.374ns logic, 0.499ns route)
                                       (73.4% logic, 26.6% route)

=========================================================================
Timing constraint: Default OFFSET IN BEFORE for Clock 'MUX_OUT1_not0001'
  Total number of paths / destination ports: 8 / 8
-------------------------------------------------------------------------
Offset:              1.873ns (Levels of Logic = 1)
  Source:            MUX_In<0> (PAD)
  Destination:       MUX_OUT1_0 (LATCH)
  Destination Clock: MUX_OUT1_not0001 rising

  Data Path: MUX_In<0> to MUX_OUT1_0
                                Gate     Net
    Cell:in->out      fanout   Delay   Delay  Logical Name (Net Name)
    ----------------------------------------  ------------
     IBUF:I->O             4   1.106   0.499  MUX_In_0_IBUF (MUX_In_0_IBUF)
     LD_1:D                    0.268          MUX_OUT1_0
    ----------------------------------------
    Total                      1.873ns (1.374ns logic, 0.499ns route)
                                       (73.4% logic, 26.6% route)

=========================================================================
Timing constraint: Default OFFSET OUT AFTER for Clock 'MUX_OUT1_not0001'
  Total number of paths / destination ports: 8 / 8
-------------------------------------------------------------------------
Offset:              4.114ns (Levels of Logic = 1)
  Source:            MUX_OUT1_7 (LATCH)
  Destination:       MUX_OUT1<7> (PAD)
  Source Clock:      MUX_OUT1_not0001 rising

  Data Path: MUX_OUT1_7 to MUX_OUT1<7>
                                Gate     Net
    Cell:in->out      fanout   Delay   Delay  Logical Name (Net Name)
    ----------------------------------------  ------------
     LD_1:G->Q             1   0.588   0.357  MUX_OUT1_7 (MUX_OUT1_7)
     OBUF:I->O                 3.169          MUX_OUT1_7_OBUF (MUX_OUT1<7>)
    ----------------------------------------
    Total                      4.114ns (3.757ns logic, 0.357ns route)
                                       (91.3% logic, 8.7% route)

=========================================================================
Timing constraint: Default OFFSET OUT AFTER for Clock 'MUX_OUT2_cmp_eq0000'
  Total number of paths / destination ports: 8 / 8
-------------------------------------------------------------------------
Offset:              4.114ns (Levels of Logic = 1)
  Source:            MUX_OUT2_7 (LATCH)
  Destination:       MUX_OUT2<7> (PAD)
  Source Clock:      MUX_OUT2_cmp_eq0000 falling

  Data Path: MUX_OUT2_7 to MUX_OUT2<7>
                                Gate     Net
    Cell:in->out      fanout   Delay   Delay  Logical Name (Net Name)
    ----------------------------------------  ------------
     LD:G->Q               1   0.588   0.357  MUX_OUT2_7 (MUX_OUT2_7)
     OBUF:I->O                 3.169          MUX_OUT2_7_OBUF (MUX_OUT2<7>)
    ----------------------------------------
    Total                      4.114ns (3.757ns logic, 0.357ns route)
                                       (91.3% logic, 8.7% route)

=========================================================================
Timing constraint: Default OFFSET OUT AFTER for Clock 'MUX_OUT3_cmp_eq0000'
  Total number of paths / destination ports: 8 / 8
-------------------------------------------------------------------------
Offset:              4.114ns (Levels of Logic = 1)
  Source:            MUX_OUT3_7 (LATCH)
  Destination:       MUX_OUT3<7> (PAD)
  Source Clock:      MUX_OUT3_cmp_eq0000 falling

  Data Path: MUX_OUT3_7 to MUX_OUT3<7>
                                Gate     Net
    Cell:in->out      fanout   Delay   Delay  Logical Name (Net Name)
    ----------------------------------------  ------------
     LD:G->Q               1   0.588   0.357  MUX_OUT3_7 (MUX_OUT3_7)
     OBUF:I->O                 3.169          MUX_OUT3_7_OBUF (MUX_OUT3<7>)
    ----------------------------------------
    Total                      4.114ns (3.757ns logic, 0.357ns route)
                                       (91.3% logic, 8.7% route)

=========================================================================
Timing constraint: Default OFFSET OUT AFTER for Clock 'MUX_OUT4_cmp_eq0000'
  Total number of paths / destination ports: 8 / 8
-------------------------------------------------------------------------
Offset:              4.114ns (Levels of Logic = 1)
  Source:            MUX_OUT4_7 (LATCH)
  Destination:       MUX_OUT4<7> (PAD)
  Source Clock:      MUX_OUT4_cmp_eq0000 falling

  Data Path: MUX_OUT4_7 to MUX_OUT4<7>
                                Gate     Net
    Cell:in->out      fanout   Delay   Delay  Logical Name (Net Name)
    ----------------------------------------  ------------
     LD:G->Q               1   0.588   0.357  MUX_OUT4_7 (MUX_OUT4_7)
     OBUF:I->O                 3.169          MUX_OUT4_7_OBUF (MUX_OUT4<7>)
    ----------------------------------------
    Total                      4.114ns (3.757ns logic, 0.357ns route)
                                       (91.3% logic, 8.7% route)

=========================================================================


Total REAL time to Xst completion: 4.00 secs
Total CPU time to Xst completion: 4.66 secs
 
--> 

Total memory usage is 235248 kilobytes

Number of errors   :    0 (   0 filtered)
Number of warnings :    4 (   0 filtered)
Number of infos    :    1 (   0 filtered)

